Using pre-set license
Built from '2020.3/staging' branch; Version is '2020.3.18f1 (a7d1c678663c) revision 10998214'; Using compiler version '192528614'; Build Type 'Release'
OS: 'Windows 10 Home Single Language; OS build 19042.1165; Version 2009; 64bit' Language: 'pt' Physical Memory: 6020 MB
BatchMode: 1, IsHumanControllingUs: 0, StartBugReporterOnCrash: 0, Is64bit: 1, IsPro: 0

COMMAND LINE ARGUMENTS:
C:\Program Files\Unity\Editor\Unity.exe
-adb2
-batchMode
-noUpm
-name
AssetImportWorker0
-projectPath
C:/Users/teo-s/Documents/GitHub/EBAC-Workshop
-logFile
Logs/AssetImportWorker0.log
-srvPort
50389
Successfully changed project path to: C:/Users/teo-s/Documents/GitHub/EBAC-Workshop
C:/Users/teo-s/Documents/GitHub/EBAC-Workshop
Using Asset Import Pipeline V2.
Refreshing native plugins compatible for Editor in 171.34 ms, found 3 plugins.
Preloading 0 native plugins for Editor in 0.00 ms.
Initialize engine version: 2020.3.18f1 (a7d1c678663c)
[Subsystems] Discovering subsystems at path C:/Program Files/Unity/Editor/Data/Resources/UnitySubsystems
[Subsystems] Discovering subsystems at path C:/Users/teo-s/Documents/GitHub/EBAC-Workshop/Assets
GfxDevice: creating device client; threaded=0
Direct3D:
    Version:  Direct3D 11.0 [level 11.1]
    Renderer: AMD Radeon(TM) RX Vega 10 Graphics (ID=0x15d8)
    Vendor:   
    VRAM:     3010 MB
    Driver:   27.20.11028.10001
Initialize mono
Mono path[0] = 'C:/Program Files/Unity/Editor/Data/Managed'
Mono path[1] = 'C:/Program Files/Unity/Editor/Data/MonoBleedingEdge/lib/mono/unityjit'
Mono config path = 'C:/Program Files/Unity/Editor/Data/MonoBleedingEdge/etc'
Using monoOptions --debugger-agent=transport=dt_socket,embedding=1,server=y,suspend=n,address=127.0.0.1:56264
Begin MonoManager ReloadAssembly
Registering precompiled unity dll's ...
Register platform support module: C:/Program Files/Unity/Editor/Data/PlaybackEngines/WindowsStandaloneSupport/UnityEditor.WindowsStandalone.Extensions.dll
Registered in 0.010298 seconds.
Native extension for WindowsStandalone target not found
Refreshing native plugins compatible for Editor in 145.27 ms, found 3 plugins.
Preloading 0 native plugins for Editor in 0.00 ms.
Mono: successfully reloaded assembly
- Completed reload, in  5.803 seconds
Domain Reload Profiling:
	ReloadAssembly (5804ms)
		BeginReloadAssembly (219ms)
			ExecutionOrderSort (0ms)
			DisableScriptedObjects (0ms)
			BackupInstance (0ms)
			ReleaseScriptingObjects (0ms)
			CreateAndSetChildDomain (3ms)
		EndReloadAssembly (1438ms)
			LoadAssemblies (208ms)
			RebuildTransferFunctionScriptingTraits (1ms)
			SetupTypeCache (521ms)
			ReleaseScriptCaches (0ms)
			RebuildScriptCaches (99ms)
			SetupLoadedEditorAssemblies (562ms)
				LogAssemblyErrors (0ms)
				InitializePlatformSupportModulesInManaged (17ms)
				SetLoadedEditorAssemblies (1ms)
				RefreshPlugins (146ms)
				BeforeProcessingInitializeOnLoad (27ms)
				ProcessInitializeOnLoadAttributes (257ms)
				ProcessInitializeOnLoadMethodAttributes (114ms)
				AfterProcessingInitializeOnLoad (0ms)
				EditorAssembliesLoaded (1ms)
			ExecutionOrderSort2 (0ms)
			AwakeInstancesAfterBackupRestoration (0ms)
Platform modules already initialized, skipping
Registering precompiled user dll's ...
Registered in 0.023081 seconds.
Begin MonoManager ReloadAssembly
Native extension for WindowsStandalone target not found
Refreshing native plugins compatible for Editor in 175.95 ms, found 3 plugins.
Preloading 0 native plugins for Editor in 0.00 ms.
Mono: successfully reloaded assembly
- Completed reload, in  3.961 seconds
Domain Reload Profiling:
	ReloadAssembly (3980ms)
		BeginReloadAssembly (492ms)
			ExecutionOrderSort (0ms)
			DisableScriptedObjects (15ms)
			BackupInstance (0ms)
			ReleaseScriptingObjects (0ms)
			CreateAndSetChildDomain (54ms)
		EndReloadAssembly (3258ms)
			LoadAssemblies (389ms)
			RebuildTransferFunctionScriptingTraits (0ms)
			SetupTypeCache (993ms)
			ReleaseScriptCaches (1ms)
			RebuildScriptCaches (143ms)
			SetupLoadedEditorAssemblies (1297ms)
				LogAssemblyErrors (0ms)
				InitializePlatformSupportModulesInManaged (16ms)
				SetLoadedEditorAssemblies (1ms)
				RefreshPlugins (176ms)
				BeforeProcessingInitializeOnLoad (236ms)
				ProcessInitializeOnLoadAttributes (783ms)
				ProcessInitializeOnLoadMethodAttributes (54ms)
				AfterProcessingInitializeOnLoad (30ms)
				EditorAssembliesLoaded (0ms)
			ExecutionOrderSort2 (0ms)
			AwakeInstancesAfterBackupRestoration (25ms)
Platform modules already initialized, skipping
========================================================================
Worker process is ready to serve import requests
Launched and connected shader compiler UnityShaderCompiler.exe after 0.17 seconds
Refreshing native plugins compatible for Editor in 1.56 ms, found 3 plugins.
Preloading 0 native plugins for Editor in 0.00 ms.
Unloading 2093 Unused Serialized files (Serialized files now loaded: 0)
System memory in use before: 93.1 MB.
System memory in use after: 93.2 MB.

Unloading 26 unused Assets to reduce memory usage. Loaded Objects now: 2533.
Total: 11.774400 ms (FindLiveObjects: 0.489900 ms CreateObjectMapping: 0.133900 ms MarkObjects: 10.951700 ms  DeleteObjects: 0.195200 ms)

AssetImportParameters requested are different than current active one (requested -> active):
  custom:framework-win-MediaFoundation: 216162199b28c13a410421893ffa2e32 -> 
  custom:video-decoder-ogg-theora: a1e56fd34408186e4bbccfd4996cb3dc -> 
  custom:container-muxer-webm: aa71ff27fc2769a1b78a27578f13a17b -> 
  custom:container-demuxer-webm: 4f35f7cbe854078d1ac9338744f61a02 -> 
  custom:container-demuxer-ogg: 62fdf1f143b41e24485cea50d1cbac27 -> 
  custom:video-encoder-webm-vp8: eb34c28f22e8b96e1ab97ce403110664 -> 
  custom:video-codec-MediaFoundation-h265: 746d11721c4dcdbdad8f713fa42b33f4 -> 
  custom:video-decoder-webm-vp8: 9c59270c3fd7afecdb556c50c9e8de78 -> 
  custom:audio-decoder-ogg-vorbis: bf7c407c2cedff20999df2af8eb42d56 -> 
  custom:audio-encoder-webm-vorbis: bf7c407c2cedff20999df2af8eb42d56 -> 
========================================================================
Received Import Request.
  path: Assets/Prefabs/Projetil.prefab
  artifactKey: Guid(e6c2ba3716b8bf9478d31bae69b6d871) Importer(815301076,1909f56bfc062723c751e8b465ee728b)
Start importing Assets/Prefabs/Projetil.prefab using Guid(e6c2ba3716b8bf9478d31bae69b6d871) Importer(815301076,1909f56bfc062723c751e8b465ee728b)  -> (artifact id: '81d52e5e6927bdddcaaf07b0d6ea7deb') in 0.373924 seconds 
  Import took 0.388707 seconds .

========================================================================
Received Import Request.
  Time since last request: 0.000841 seconds.
  path: Assets/Prefabs/Corona.prefab
  artifactKey: Guid(7210cc9f9ce53354eb3b982f7e91edf6) Importer(815301076,1909f56bfc062723c751e8b465ee728b)
Start importing Assets/Prefabs/Corona.prefab using Guid(7210cc9f9ce53354eb3b982f7e91edf6) Importer(815301076,1909f56bfc062723c751e8b465ee728b)  -> (artifact id: 'd2fb38d53f4f6296949913cf27f9bc18') in 0.069993 seconds 
  Import took 0.083695 seconds .

========================================================================
Received Prepare
Registering precompiled user dll's ...
Registered in 0.018092 seconds.
Begin MonoManager ReloadAssembly
Native extension for WindowsStandalone target not found
Refreshing native plugins compatible for Editor in 1.12 ms, found 3 plugins.
Preloading 0 native plugins for Editor in 0.00 ms.
Mono: successfully reloaded assembly
- Completed reload, in  3.582 seconds
Domain Reload Profiling:
	ReloadAssembly (3584ms)
		BeginReloadAssembly (343ms)
			ExecutionOrderSort (0ms)
			DisableScriptedObjects (19ms)
			BackupInstance (0ms)
			ReleaseScriptingObjects (0ms)
			CreateAndSetChildDomain (109ms)
		EndReloadAssembly (2996ms)
			LoadAssemblies (322ms)
			RebuildTransferFunctionScriptingTraits (0ms)
			SetupTypeCache (1000ms)
			ReleaseScriptCaches (2ms)
			RebuildScriptCaches (157ms)
			SetupLoadedEditorAssemblies (1062ms)
				LogAssemblyErrors (0ms)
				InitializePlatformSupportModulesInManaged (16ms)
				SetLoadedEditorAssemblies (2ms)
				RefreshPlugins (1ms)
				BeforeProcessingInitializeOnLoad (226ms)
				ProcessInitializeOnLoadAttributes (770ms)
				ProcessInitializeOnLoadMethodAttributes (23ms)
				AfterProcessingInitializeOnLoad (24ms)
				EditorAssembliesLoaded (0ms)
			ExecutionOrderSort2 (0ms)
			AwakeInstancesAfterBackupRestoration (40ms)
Platform modules already initialized, skipping
Refreshing native plugins compatible for Editor in 1.30 ms, found 3 plugins.
Preloading 0 native plugins for Editor in 0.00 ms.
Unloading 2083 Unused Serialized files (Serialized files now loaded: 0)
System memory in use before: 95.6 MB.
System memory in use after: 95.7 MB.

Unloading 14 unused Assets to reduce memory usage. Loaded Objects now: 2543.
Total: 10.077000 ms (FindLiveObjects: 0.849300 ms CreateObjectMapping: 0.185300 ms MarkObjects: 8.983700 ms  DeleteObjects: 0.055300 ms)

AssetImportParameters requested are different than current active one (requested -> active):
  custom:framework-win-MediaFoundation: 216162199b28c13a410421893ffa2e32 -> 
  custom:video-decoder-ogg-theora: a1e56fd34408186e4bbccfd4996cb3dc -> 
  custom:container-muxer-webm: aa71ff27fc2769a1b78a27578f13a17b -> 
  custom:container-demuxer-webm: 4f35f7cbe854078d1ac9338744f61a02 -> 
  custom:container-demuxer-ogg: 62fdf1f143b41e24485cea50d1cbac27 -> 
  custom:video-encoder-webm-vp8: eb34c28f22e8b96e1ab97ce403110664 -> 
  custom:video-codec-MediaFoundation-h265: 746d11721c4dcdbdad8f713fa42b33f4 -> 
  custom:video-decoder-webm-vp8: 9c59270c3fd7afecdb556c50c9e8de78 -> 
  custom:audio-decoder-ogg-vorbis: bf7c407c2cedff20999df2af8eb42d56 -> 
  custom:audio-encoder-webm-vorbis: bf7c407c2cedff20999df2af8eb42d56 -> 
========================================================================
Received Import Request.
  Time since last request: 41.191781 seconds.
  path: ProjectSettings/TagManager.asset
  artifactKey: Guid(00000000000000003000000000000000) Importer(815301076,1909f56bfc062723c751e8b465ee728b)
Start importing ProjectSettings/TagManager.asset using Guid(00000000000000003000000000000000) Importer(815301076,1909f56bfc062723c751e8b465ee728b)  -> (artifact id: 'a856a7083285e43931068a5e612c0126') in 0.040930 seconds 
  Import took 0.050454 seconds .

========================================================================
Received Import Request.
  Time since last request: 0.014098 seconds.
  path: ProjectSettings/TagManager.asset
  artifactKey: Guid(00000000000000003000000000000000) Importer(815301076,1909f56bfc062723c751e8b465ee728b)
Start importing ProjectSettings/TagManager.asset using Guid(00000000000000003000000000000000) Importer(815301076,1909f56bfc062723c751e8b465ee728b)  -> (artifact id: 'a856a7083285e43931068a5e612c0126') in 0.009585 seconds 
  Import took 0.019490 seconds .

========================================================================
Received Prepare
Registering precompiled user dll's ...
Registered in 0.028245 seconds.
Begin MonoManager ReloadAssembly
Native extension for WindowsStandalone target not found
Refreshing native plugins compatible for Editor in 1.10 ms, found 3 plugins.
Preloading 0 native plugins for Editor in 0.00 ms.
Mono: successfully reloaded assembly
- Completed reload, in  3.553 seconds
Domain Reload Profiling:
	ReloadAssembly (3555ms)
		BeginReloadAssembly (398ms)
			ExecutionOrderSort (0ms)
			DisableScriptedObjects (31ms)
			BackupInstance (0ms)
			ReleaseScriptingObjects (0ms)
			CreateAndSetChildDomain (105ms)
		EndReloadAssembly (2919ms)
			LoadAssemblies (453ms)
			RebuildTransferFunctionScriptingTraits (0ms)
			SetupTypeCache (931ms)
			ReleaseScriptCaches (3ms)
			RebuildScriptCaches (130ms)
			SetupLoadedEditorAssemblies (1106ms)
				LogAssemblyErrors (0ms)
				InitializePlatformSupportModulesInManaged (16ms)
				SetLoadedEditorAssemblies (1ms)
				RefreshPlugins (1ms)
				BeforeProcessingInitializeOnLoad (198ms)
				ProcessInitializeOnLoadAttributes (845ms)
				ProcessInitializeOnLoadMethodAttributes (18ms)
				AfterProcessingInitializeOnLoad (26ms)
				EditorAssembliesLoaded (0ms)
			ExecutionOrderSort2 (0ms)
			AwakeInstancesAfterBackupRestoration (34ms)
Platform modules already initialized, skipping
Refreshing native plugins compatible for Editor in 1.09 ms, found 3 plugins.
Preloading 0 native plugins for Editor in 0.00 ms.
Unloading 2083 Unused Serialized files (Serialized files now loaded: 0)
System memory in use before: 95.6 MB.
System memory in use after: 95.7 MB.

Unloading 16 unused Assets to reduce memory usage. Loaded Objects now: 2546.
Total: 9.794600 ms (FindLiveObjects: 0.468300 ms CreateObjectMapping: 0.128100 ms MarkObjects: 9.120900 ms  DeleteObjects: 0.073600 ms)

AssetImportParameters requested are different than current active one (requested -> active):
  custom:framework-win-MediaFoundation: 216162199b28c13a410421893ffa2e32 -> 
  custom:video-decoder-ogg-theora: a1e56fd34408186e4bbccfd4996cb3dc -> 
  custom:container-muxer-webm: aa71ff27fc2769a1b78a27578f13a17b -> 
  custom:container-demuxer-webm: 4f35f7cbe854078d1ac9338744f61a02 -> 
  custom:container-demuxer-ogg: 62fdf1f143b41e24485cea50d1cbac27 -> 
  custom:video-encoder-webm-vp8: eb34c28f22e8b96e1ab97ce403110664 -> 
  custom:video-codec-MediaFoundation-h265: 746d11721c4dcdbdad8f713fa42b33f4 -> 
  custom:video-decoder-webm-vp8: 9c59270c3fd7afecdb556c50c9e8de78 -> 
  custom:audio-decoder-ogg-vorbis: bf7c407c2cedff20999df2af8eb42d56 -> 
  custom:audio-encoder-webm-vorbis: bf7c407c2cedff20999df2af8eb42d56 -> 
========================================================================
Received Prepare
Registering precompiled user dll's ...
Registered in 0.029948 seconds.
Begin MonoManager ReloadAssembly
Native extension for WindowsStandalone target not found
Refreshing native plugins compatible for Editor in 1.10 ms, found 3 plugins.
Preloading 0 native plugins for Editor in 0.00 ms.
Mono: successfully reloaded assembly
- Completed reload, in  3.330 seconds
Domain Reload Profiling:
	ReloadAssembly (3331ms)
		BeginReloadAssembly (360ms)
			ExecutionOrderSort (0ms)
			DisableScriptedObjects (20ms)
			BackupInstance (0ms)
			ReleaseScriptingObjects (0ms)
			CreateAndSetChildDomain (106ms)
		EndReloadAssembly (2736ms)
			LoadAssemblies (338ms)
			RebuildTransferFunctionScriptingTraits (0ms)
			SetupTypeCache (937ms)
			ReleaseScriptCaches (3ms)
			RebuildScriptCaches (130ms)
			SetupLoadedEditorAssemblies (996ms)
				LogAssemblyErrors (0ms)
				InitializePlatformSupportModulesInManaged (19ms)
				SetLoadedEditorAssemblies (2ms)
				RefreshPlugins (1ms)
				BeforeProcessingInitializeOnLoad (206ms)
				ProcessInitializeOnLoadAttributes (722ms)
				ProcessInitializeOnLoadMethodAttributes (19ms)
				AfterProcessingInitializeOnLoad (27ms)
				EditorAssembliesLoaded (0ms)
			ExecutionOrderSort2 (0ms)
			AwakeInstancesAfterBackupRestoration (35ms)
Platform modules already initialized, skipping
Refreshing native plugins compatible for Editor in 1.11 ms, found 3 plugins.
Preloading 0 native plugins for Editor in 0.00 ms.
Unloading 2083 Unused Serialized files (Serialized files now loaded: 0)
System memory in use before: 95.6 MB.
System memory in use after: 95.8 MB.

Unloading 14 unused Assets to reduce memory usage. Loaded Objects now: 2549.
Total: 9.015300 ms (FindLiveObjects: 0.701900 ms CreateObjectMapping: 0.177800 ms MarkObjects: 8.082100 ms  DeleteObjects: 0.050100 ms)

AssetImportParameters requested are different than current active one (requested -> active):
  custom:framework-win-MediaFoundation: 216162199b28c13a410421893ffa2e32 -> 
  custom:video-decoder-ogg-theora: a1e56fd34408186e4bbccfd4996cb3dc -> 
  custom:container-muxer-webm: aa71ff27fc2769a1b78a27578f13a17b -> 
  custom:container-demuxer-webm: 4f35f7cbe854078d1ac9338744f61a02 -> 
  custom:container-demuxer-ogg: 62fdf1f143b41e24485cea50d1cbac27 -> 
  custom:video-encoder-webm-vp8: eb34c28f22e8b96e1ab97ce403110664 -> 
  custom:video-codec-MediaFoundation-h265: 746d11721c4dcdbdad8f713fa42b33f4 -> 
  custom:video-decoder-webm-vp8: 9c59270c3fd7afecdb556c50c9e8de78 -> 
  custom:audio-decoder-ogg-vorbis: bf7c407c2cedff20999df2af8eb42d56 -> 
  custom:audio-encoder-webm-vorbis: bf7c407c2cedff20999df2af8eb42d56 -> 
========================================================================
Received Import Request.
  Time since last request: 622.729492 seconds.
  path: Assets/Prefabs/Corona.prefab
  artifactKey: Guid(7210cc9f9ce53354eb3b982f7e91edf6) Importer(815301076,1909f56bfc062723c751e8b465ee728b)
Start importing Assets/Prefabs/Corona.prefab using Guid(7210cc9f9ce53354eb3b982f7e91edf6) Importer(815301076,1909f56bfc062723c751e8b465ee728b)  -> (artifact id: '517c29dc24f976aea657e2af6f70f647') in 0.255178 seconds 
  Import took 0.264662 seconds .

========================================================================
Received Prepare
Registering precompiled user dll's ...
Registered in 0.025292 seconds.
Begin MonoManager ReloadAssembly
Native extension for WindowsStandalone target not found
Refreshing native plugins compatible for Editor in 1.12 ms, found 3 plugins.
Preloading 0 native plugins for Editor in 0.00 ms.
Mono: successfully reloaded assembly
- Completed reload, in  3.752 seconds
Domain Reload Profiling:
	ReloadAssembly (3754ms)
		BeginReloadAssembly (355ms)
			ExecutionOrderSort (0ms)
			DisableScriptedObjects (21ms)
			BackupInstance (0ms)
			ReleaseScriptingObjects (0ms)
			CreateAndSetChildDomain (103ms)
		EndReloadAssembly (3172ms)
			LoadAssemblies (403ms)
			RebuildTransferFunctionScriptingTraits (0ms)
			SetupTypeCache (943ms)
			ReleaseScriptCaches (3ms)
			RebuildScriptCaches (173ms)
			SetupLoadedEditorAssemblies (1213ms)
				LogAssemblyErrors (0ms)
				InitializePlatformSupportModulesInManaged (18ms)
				SetLoadedEditorAssemblies (1ms)
				RefreshPlugins (1ms)
				BeforeProcessingInitializeOnLoad (234ms)
				ProcessInitializeOnLoadAttributes (910ms)
				ProcessInitializeOnLoadMethodAttributes (20ms)
				AfterProcessingInitializeOnLoad (28ms)
				EditorAssembliesLoaded (0ms)
			ExecutionOrderSort2 (0ms)
			AwakeInstancesAfterBackupRestoration (46ms)
Platform modules already initialized, skipping
Refreshing native plugins compatible for Editor in 1.09 ms, found 3 plugins.
Preloading 0 native plugins for Editor in 0.00 ms.
Unloading 2083 Unused Serialized files (Serialized files now loaded: 0)
System memory in use before: 95.7 MB.
System memory in use after: 95.8 MB.

Unloading 14 unused Assets to reduce memory usage. Loaded Objects now: 2553.
Total: 8.854200 ms (FindLiveObjects: 0.479800 ms CreateObjectMapping: 0.130300 ms MarkObjects: 8.186900 ms  DeleteObjects: 0.053600 ms)

AssetImportParameters requested are different than current active one (requested -> active):
  custom:framework-win-MediaFoundation: 216162199b28c13a410421893ffa2e32 -> 
  custom:video-decoder-ogg-theora: a1e56fd34408186e4bbccfd4996cb3dc -> 
  custom:container-muxer-webm: aa71ff27fc2769a1b78a27578f13a17b -> 
  custom:container-demuxer-webm: 4f35f7cbe854078d1ac9338744f61a02 -> 
  custom:container-demuxer-ogg: 62fdf1f143b41e24485cea50d1cbac27 -> 
  custom:video-encoder-webm-vp8: eb34c28f22e8b96e1ab97ce403110664 -> 
  custom:video-codec-MediaFoundation-h265: 746d11721c4dcdbdad8f713fa42b33f4 -> 
  custom:video-decoder-webm-vp8: 9c59270c3fd7afecdb556c50c9e8de78 -> 
  custom:audio-decoder-ogg-vorbis: bf7c407c2cedff20999df2af8eb42d56 -> 
  custom:audio-encoder-webm-vorbis: bf7c407c2cedff20999df2af8eb42d56 -> 
========================================================================
Received Import Request.
  Time since last request: 50.928990 seconds.
  path: Assets/Prefabs/Corona 1.prefab
  artifactKey: Guid(c4b823a9e9aa91e429bbc4868a2a1b6f) Importer(815301076,1909f56bfc062723c751e8b465ee728b)
Start importing Assets/Prefabs/Corona 1.prefab using Guid(c4b823a9e9aa91e429bbc4868a2a1b6f) Importer(815301076,1909f56bfc062723c751e8b465ee728b)  -> (artifact id: 'a0056a63fe4c326a53139503d9ba54fb') in 0.220350 seconds 
  Import took 0.232910 seconds .

========================================================================
Received Import Request.
  Time since last request: 0.152678 seconds.
  path: Assets/Prefabs/Corona 2.prefab
  artifactKey: Guid(1dcd8ea3e341ff84cb14fc688857b09c) Importer(815301076,1909f56bfc062723c751e8b465ee728b)
Start importing Assets/Prefabs/Corona 2.prefab using Guid(1dcd8ea3e341ff84cb14fc688857b09c) Importer(815301076,1909f56bfc062723c751e8b465ee728b)  -> (artifact id: 'e625686ea36b70480b3959459c9bea8c') in 0.030302 seconds 
  Import took 0.041583 seconds .

========================================================================
Received Import Request.
  Time since last request: 11.729242 seconds.
  path: Assets/Prefabs/Coroninha.prefab
  artifactKey: Guid(c4b823a9e9aa91e429bbc4868a2a1b6f) Importer(815301076,1909f56bfc062723c751e8b465ee728b)
Start importing Assets/Prefabs/Coroninha.prefab using Guid(c4b823a9e9aa91e429bbc4868a2a1b6f) Importer(815301076,1909f56bfc062723c751e8b465ee728b)  -> (artifact id: '9f73db9dcc16e84979fcf758ded6f052') in 0.030163 seconds 
  Import took 0.055500 seconds .

========================================================================
Received Import Request.
  Time since last request: 15.181330 seconds.
  path: Assets/Prefabs/Coroninha.prefab
  artifactKey: Guid(c4b823a9e9aa91e429bbc4868a2a1b6f) Importer(815301076,1909f56bfc062723c751e8b465ee728b)
Start importing Assets/Prefabs/Coroninha.prefab using Guid(c4b823a9e9aa91e429bbc4868a2a1b6f) Importer(815301076,1909f56bfc062723c751e8b465ee728b)  -> (artifact id: '84376806c26af5093761b64b4a4c23d1') in 0.032683 seconds 
  Import took 0.043997 seconds .

========================================================================
Received Import Request.
  Time since last request: 17.568669 seconds.
  path: Assets/Prefabs/Coroninha.prefab
  artifactKey: Guid(c4b823a9e9aa91e429bbc4868a2a1b6f) Importer(815301076,1909f56bfc062723c751e8b465ee728b)
Start importing Assets/Prefabs/Coroninha.prefab using Guid(c4b823a9e9aa91e429bbc4868a2a1b6f) Importer(815301076,1909f56bfc062723c751e8b465ee728b)  -> (artifact id: 'be0e72342b469da60a6327c4563f0184') in 0.061609 seconds 
  Import took 0.078733 seconds .

========================================================================
Received Import Request.
  Time since last request: 3.733772 seconds.
  path: Assets/Prefabs/Coroninha.prefab
  artifactKey: Guid(c4b823a9e9aa91e429bbc4868a2a1b6f) Importer(815301076,1909f56bfc062723c751e8b465ee728b)
Start importing Assets/Prefabs/Coroninha.prefab using Guid(c4b823a9e9aa91e429bbc4868a2a1b6f) Importer(815301076,1909f56bfc062723c751e8b465ee728b)  -> (artifact id: '30e7024b48b0e262dc21d825a5916968') in 0.039175 seconds 
  Import took 0.051433 seconds .

========================================================================
Received Import Request.
  Time since last request: 603.705247 seconds.
  path: Assets/Scripts/ComportamentoCorona.cs
  artifactKey: Guid(8bd7e861a61813c42b1cc15a7176ccd2) Importer(815301076,1909f56bfc062723c751e8b465ee728b)
Start importing Assets/Scripts/ComportamentoCorona.cs using Guid(8bd7e861a61813c42b1cc15a7176ccd2) Importer(815301076,1909f56bfc062723c751e8b465ee728b)  -> (artifact id: '8d3fc882ddadd88b1217f04be297d287') in 0.047218 seconds 
  Import took 0.056478 seconds .

========================================================================
Received Import Request.
  Time since last request: 75.657869 seconds.
  path: Assets/Scripts/ComportamentoCorona.cs
  artifactKey: Guid(8bd7e861a61813c42b1cc15a7176ccd2) Importer(815301076,1909f56bfc062723c751e8b465ee728b)
Start importing Assets/Scripts/ComportamentoCorona.cs using Guid(8bd7e861a61813c42b1cc15a7176ccd2) Importer(815301076,1909f56bfc062723c751e8b465ee728b)  -> (artifact id: '06abe21be572d42437f101242118506f') in 0.009885 seconds 
  Import took 0.018419 seconds .

========================================================================
Received Import Request.
  Time since last request: 156.876552 seconds.
  path: Assets/Scripts/ComportamentoCorona.cs
  artifactKey: Guid(8bd7e861a61813c42b1cc15a7176ccd2) Importer(815301076,1909f56bfc062723c751e8b465ee728b)
Start importing Assets/Scripts/ComportamentoCorona.cs using Guid(8bd7e861a61813c42b1cc15a7176ccd2) Importer(815301076,1909f56bfc062723c751e8b465ee728b)  -> (artifact id: 'b063d065fda2b7984b7c3128739fb798') in 0.008761 seconds 
  Import took 0.017710 seconds .

========================================================================
Received Import Request.
  Time since last request: 0.002877 seconds.
  path: Assets/Scripts/ComportamentoCorona.cs
  artifactKey: Guid(8bd7e861a61813c42b1cc15a7176ccd2) Importer(815301076,1909f56bfc062723c751e8b465ee728b)
Start importing Assets/Scripts/ComportamentoCorona.cs using Guid(8bd7e861a61813c42b1cc15a7176ccd2) Importer(815301076,1909f56bfc062723c751e8b465ee728b)  -> (artifact id: 'b063d065fda2b7984b7c3128739fb798') in 0.009741 seconds 
  Import took 0.021236 seconds .

========================================================================
Received Import Request.
  Time since last request: 381.787530 seconds.
  path: Assets/Scripts/ComportamentoCorona.cs
  artifactKey: Guid(8bd7e861a61813c42b1cc15a7176ccd2) Importer(815301076,1909f56bfc062723c751e8b465ee728b)
Start importing Assets/Scripts/ComportamentoCorona.cs using Guid(8bd7e861a61813c42b1cc15a7176ccd2) Importer(815301076,1909f56bfc062723c751e8b465ee728b)  -> (artifact id: '327bb1b43ad221ae01e817eb6b355c99') in 0.010702 seconds 
  Import took 0.020334 seconds .

========================================================================
Received Import Request.
  Time since last request: 297.683827 seconds.
  path: Assets/Scripts/ComportamentoCorona.cs
  artifactKey: Guid(8bd7e861a61813c42b1cc15a7176ccd2) Importer(815301076,1909f56bfc062723c751e8b465ee728b)
Start importing Assets/Scripts/ComportamentoCorona.cs using Guid(8bd7e861a61813c42b1cc15a7176ccd2) Importer(815301076,1909f56bfc062723c751e8b465ee728b)  -> (artifact id: '3b46d8f171b121d9b8c02ba633dbde73') in 0.012327 seconds 
  Import took 0.038993 seconds .

========================================================================
Received Import Request.
  Time since last request: 6.783129 seconds.
  path: Assets/Scripts/ComportamentoCorona1.cs
  artifactKey: Guid(39cf5315856e0e248a256302ee11c927) Importer(815301076,1909f56bfc062723c751e8b465ee728b)
Start importing Assets/Scripts/ComportamentoCorona1.cs using Guid(39cf5315856e0e248a256302ee11c927) Importer(815301076,1909f56bfc062723c751e8b465ee728b)  -> (artifact id: '7833734dacdc4db3660ae76040582721') in 0.015133 seconds 
  Import took 0.029894 seconds .

========================================================================
Received Import Request.
  Time since last request: 11.591723 seconds.
  path: Assets/Scripts/ComportamentoCoroninha.cs
  artifactKey: Guid(39cf5315856e0e248a256302ee11c927) Importer(815301076,1909f56bfc062723c751e8b465ee728b)
Start importing Assets/Scripts/ComportamentoCoroninha.cs using Guid(39cf5315856e0e248a256302ee11c927) Importer(815301076,1909f56bfc062723c751e8b465ee728b)  -> (artifact id: '07bc13b4a3f9031ca7fdd1d33a7903f9') in 0.038716 seconds 
  Import took 0.051493 seconds .

========================================================================
Received Import Request.
  Time since last request: 269.253866 seconds.
  path: Assets/Scripts/ComportamentoCoroninha.cs
  artifactKey: Guid(39cf5315856e0e248a256302ee11c927) Importer(815301076,1909f56bfc062723c751e8b465ee728b)
Start importing Assets/Scripts/ComportamentoCoroninha.cs using Guid(39cf5315856e0e248a256302ee11c927) Importer(815301076,1909f56bfc062723c751e8b465ee728b)  -> (artifact id: '8747c93b7e2b183e3e2894a45fd439b7') in 0.014740 seconds 
  Import took 0.027688 seconds .

========================================================================
Received Import Request.
  Time since last request: 80.433824 seconds.
  path: Assets/Prefabs/Coroninha.prefab
  artifactKey: Guid(c4b823a9e9aa91e429bbc4868a2a1b6f) Importer(815301076,1909f56bfc062723c751e8b465ee728b)
Start importing Assets/Prefabs/Coroninha.prefab using Guid(c4b823a9e9aa91e429bbc4868a2a1b6f) Importer(815301076,1909f56bfc062723c751e8b465ee728b)  -> (artifact id: '4fd4035a655d17f9a906c21123704cea') in 0.060785 seconds 
  Import took 0.070126 seconds .

========================================================================
Received Import Request.
  Time since last request: 0.004738 seconds.
  path: Assets/Prefabs/Coroninha.prefab
  artifactKey: Guid(c4b823a9e9aa91e429bbc4868a2a1b6f) Importer(815301076,1909f56bfc062723c751e8b465ee728b)
Start importing Assets/Prefabs/Coroninha.prefab using Guid(c4b823a9e9aa91e429bbc4868a2a1b6f) Importer(815301076,1909f56bfc062723c751e8b465ee728b)  -> (artifact id: '4fd4035a655d17f9a906c21123704cea') in 0.044588 seconds 
  Import took 0.056234 seconds .

========================================================================
Received Prepare
Registering precompiled user dll's ...
Registered in 0.015546 seconds.
Begin MonoManager ReloadAssembly
Native extension for WindowsStandalone target not found
Refreshing native plugins compatible for Editor in 1.11 ms, found 3 plugins.
Preloading 0 native plugins for Editor in 0.00 ms.
Mono: successfully reloaded assembly
- Completed reload, in  3.512 seconds
Domain Reload Profiling:
	ReloadAssembly (3514ms)
		BeginReloadAssembly (339ms)
			ExecutionOrderSort (0ms)
			DisableScriptedObjects (20ms)
			BackupInstance (0ms)
			ReleaseScriptingObjects (0ms)
			CreateAndSetChildDomain (97ms)
		EndReloadAssembly (2935ms)
			LoadAssemblies (338ms)
			RebuildTransferFunctionScriptingTraits (0ms)
			SetupTypeCache (947ms)
			ReleaseScriptCaches (2ms)
			RebuildScriptCaches (134ms)
			SetupLoadedEditorAssemblies (1121ms)
				LogAssemblyErrors (0ms)
				InitializePlatformSupportModulesInManaged (19ms)
				SetLoadedEditorAssemblies (2ms)
				RefreshPlugins (1ms)
				BeforeProcessingInitializeOnLoad (229ms)
				ProcessInitializeOnLoadAttributes (822ms)
				ProcessInitializeOnLoadMethodAttributes (20ms)
				AfterProcessingInitializeOnLoad (28ms)
				EditorAssembliesLoaded (0ms)
			ExecutionOrderSort2 (0ms)
			AwakeInstancesAfterBackupRestoration (36ms)
Platform modules already initialized, skipping
Refreshing native plugins compatible for Editor in 1.08 ms, found 3 plugins.
Preloading 0 native plugins for Editor in 0.00 ms.
Unloading 2084 Unused Serialized files (Serialized files now loaded: 0)
System memory in use before: 95.7 MB.
System memory in use after: 95.8 MB.

Unloading 14 unused Assets to reduce memory usage. Loaded Objects now: 2558.
Total: 11.479900 ms (FindLiveObjects: 0.672700 ms CreateObjectMapping: 0.160300 ms MarkObjects: 10.579700 ms  DeleteObjects: 0.063000 ms)

AssetImportParameters requested are different than current active one (requested -> active):
  custom:framework-win-MediaFoundation: 216162199b28c13a410421893ffa2e32 -> 
  custom:video-decoder-ogg-theora: a1e56fd34408186e4bbccfd4996cb3dc -> 
  custom:container-muxer-webm: aa71ff27fc2769a1b78a27578f13a17b -> 
  custom:container-demuxer-webm: 4f35f7cbe854078d1ac9338744f61a02 -> 
  custom:container-demuxer-ogg: 62fdf1f143b41e24485cea50d1cbac27 -> 
  custom:video-encoder-webm-vp8: eb34c28f22e8b96e1ab97ce403110664 -> 
  custom:video-codec-MediaFoundation-h265: 746d11721c4dcdbdad8f713fa42b33f4 -> 
  custom:video-decoder-webm-vp8: 9c59270c3fd7afecdb556c50c9e8de78 -> 
  custom:audio-decoder-ogg-vorbis: bf7c407c2cedff20999df2af8eb42d56 -> 
  custom:audio-encoder-webm-vorbis: bf7c407c2cedff20999df2af8eb42d56 -> 
========================================================================
Received Import Request.
  Time since last request: 255.165749 seconds.
  path: Assets/Scripts/ComportamentoCorona.cs
  artifactKey: Guid(8bd7e861a61813c42b1cc15a7176ccd2) Importer(815301076,1909f56bfc062723c751e8b465ee728b)
Start importing Assets/Scripts/ComportamentoCorona.cs using Guid(8bd7e861a61813c42b1cc15a7176ccd2) Importer(815301076,1909f56bfc062723c751e8b465ee728b)  -> (artifact id: 'd3d9ac5fdcd6fedd3fecb0a70d952e85') in 0.020749 seconds 
  Import took 0.030946 seconds .

========================================================================
Received Import Request.
  Time since last request: 0.077684 seconds.
  path: Assets/Scripts/ComportamentoCorona.cs
  artifactKey: Guid(8bd7e861a61813c42b1cc15a7176ccd2) Importer(815301076,1909f56bfc062723c751e8b465ee728b)
Start importing Assets/Scripts/ComportamentoCorona.cs using Guid(8bd7e861a61813c42b1cc15a7176ccd2) Importer(815301076,1909f56bfc062723c751e8b465ee728b)  -> (artifact id: 'd3d9ac5fdcd6fedd3fecb0a70d952e85') in 0.011515 seconds 
  Import took 0.020223 seconds .

========================================================================
Received Import Request.
  Time since last request: 4.489479 seconds.
  path: Assets/Prefabs/Corona.prefab
  artifactKey: Guid(7210cc9f9ce53354eb3b982f7e91edf6) Importer(815301076,1909f56bfc062723c751e8b465ee728b)
Start importing Assets/Prefabs/Corona.prefab using Guid(7210cc9f9ce53354eb3b982f7e91edf6) Importer(815301076,1909f56bfc062723c751e8b465ee728b)  -> (artifact id: 'dee7c07870745c1a59dbb292e6749e92') in 0.181147 seconds 
  Import took 0.190751 seconds .

========================================================================
Received Import Request.
  Time since last request: 0.000702 seconds.
  path: Assets/Prefabs/Coroninha.prefab
  artifactKey: Guid(c4b823a9e9aa91e429bbc4868a2a1b6f) Importer(815301076,1909f56bfc062723c751e8b465ee728b)
Start importing Assets/Prefabs/Coroninha.prefab using Guid(c4b823a9e9aa91e429bbc4868a2a1b6f) Importer(815301076,1909f56bfc062723c751e8b465ee728b)  -> (artifact id: '9b6675cd7e7f26cac9bcfde5fefdb69d') in 0.042424 seconds 
  Import took 0.054353 seconds .

========================================================================
Received Import Request.
  Time since last request: 0.019546 seconds.
  path: Assets/Prefabs/Coroninha.prefab
  artifactKey: Guid(c4b823a9e9aa91e429bbc4868a2a1b6f) Importer(815301076,1909f56bfc062723c751e8b465ee728b)
Start importing Assets/Prefabs/Coroninha.prefab using Guid(c4b823a9e9aa91e429bbc4868a2a1b6f) Importer(815301076,1909f56bfc062723c751e8b465ee728b)  -> (artifact id: '9b6675cd7e7f26cac9bcfde5fefdb69d') in 0.045314 seconds 
  Import took 0.057936 seconds .

========================================================================
Received Prepare
Registering precompiled user dll's ...
Registered in 0.013815 seconds.
Begin MonoManager ReloadAssembly
Native extension for WindowsStandalone target not found
Refreshing native plugins compatible for Editor in 1.12 ms, found 3 plugins.
Preloading 0 native plugins for Editor in 0.00 ms.
Mono: successfully reloaded assembly
- Completed reload, in  3.417 seconds
Domain Reload Profiling:
	ReloadAssembly (3418ms)
		BeginReloadAssembly (382ms)
			ExecutionOrderSort (0ms)
			DisableScriptedObjects (27ms)
			BackupInstance (0ms)
			ReleaseScriptingObjects (0ms)
			CreateAndSetChildDomain (127ms)
		EndReloadAssembly (2782ms)
			LoadAssemblies (311ms)
			RebuildTransferFunctionScriptingTraits (0ms)
			SetupTypeCache (1010ms)
			ReleaseScriptCaches (3ms)
			RebuildScriptCaches (138ms)
			SetupLoadedEditorAssemblies (995ms)
				LogAssemblyErrors (0ms)
				InitializePlatformSupportModulesInManaged (16ms)
				SetLoadedEditorAssemblies (1ms)
				RefreshPlugins (1ms)
				BeforeProcessingInitializeOnLoad (203ms)
				ProcessInitializeOnLoadAttributes (726ms)
				ProcessInitializeOnLoadMethodAttributes (19ms)
				AfterProcessingInitializeOnLoad (26ms)
				EditorAssembliesLoaded (0ms)
			ExecutionOrderSort2 (0ms)
			AwakeInstancesAfterBackupRestoration (33ms)
Platform modules already initialized, skipping
Refreshing native plugins compatible for Editor in 1.11 ms, found 3 plugins.
Preloading 0 native plugins for Editor in 0.00 ms.
Unloading 2084 Unused Serialized files (Serialized files now loaded: 0)
System memory in use before: 95.7 MB.
System memory in use after: 95.9 MB.

Unloading 14 unused Assets to reduce memory usage. Loaded Objects now: 2562.
Total: 8.928500 ms (FindLiveObjects: 0.486200 ms CreateObjectMapping: 0.128600 ms MarkObjects: 8.256400 ms  DeleteObjects: 0.053200 ms)

AssetImportParameters requested are different than current active one (requested -> active):
  custom:framework-win-MediaFoundation: 216162199b28c13a410421893ffa2e32 -> 
  custom:video-decoder-ogg-theora: a1e56fd34408186e4bbccfd4996cb3dc -> 
  custom:container-muxer-webm: aa71ff27fc2769a1b78a27578f13a17b -> 
  custom:container-demuxer-webm: 4f35f7cbe854078d1ac9338744f61a02 -> 
  custom:container-demuxer-ogg: 62fdf1f143b41e24485cea50d1cbac27 -> 
  custom:video-encoder-webm-vp8: eb34c28f22e8b96e1ab97ce403110664 -> 
  custom:video-codec-MediaFoundation-h265: 746d11721c4dcdbdad8f713fa42b33f4 -> 
  custom:video-decoder-webm-vp8: 9c59270c3fd7afecdb556c50c9e8de78 -> 
  custom:audio-decoder-ogg-vorbis: bf7c407c2cedff20999df2af8eb42d56 -> 
  custom:audio-encoder-webm-vorbis: bf7c407c2cedff20999df2af8eb42d56 -> 
========================================================================
Received Import Request.
  Time since last request: 55.861454 seconds.
  path: Assets/Prefabs/Corona.prefab
  artifactKey: Guid(7210cc9f9ce53354eb3b982f7e91edf6) Importer(815301076,1909f56bfc062723c751e8b465ee728b)
Start importing Assets/Prefabs/Corona.prefab using Guid(7210cc9f9ce53354eb3b982f7e91edf6) Importer(815301076,1909f56bfc062723c751e8b465ee728b)  -> (artifact id: '304f6a5fb05efd3028ce87f1c11ac687') in 0.175194 seconds 
  Import took 0.184908 seconds .

========================================================================
Received Import Request.
  Time since last request: 19.807451 seconds.
  path: Assets/Prefabs/Corona.prefab
  artifactKey: Guid(7210cc9f9ce53354eb3b982f7e91edf6) Importer(815301076,1909f56bfc062723c751e8b465ee728b)
Start importing Assets/Prefabs/Corona.prefab using Guid(7210cc9f9ce53354eb3b982f7e91edf6) Importer(815301076,1909f56bfc062723c751e8b465ee728b)  -> (artifact id: '89c2f4ae86e10093b13bb09975288afe') in 0.046041 seconds 
  Import took 0.056192 seconds .

========================================================================
Received Import Request.
  Time since last request: 0.031810 seconds.
  path: Assets/Prefabs/Corona.prefab
  artifactKey: Guid(7210cc9f9ce53354eb3b982f7e91edf6) Importer(815301076,1909f56bfc062723c751e8b465ee728b)
Start importing Assets/Prefabs/Corona.prefab using Guid(7210cc9f9ce53354eb3b982f7e91edf6) Importer(815301076,1909f56bfc062723c751e8b465ee728b)  -> (artifact id: '89c2f4ae86e10093b13bb09975288afe') in 0.037130 seconds 
  Import took 0.050748 seconds .

========================================================================
Received Prepare
Registering precompiled user dll's ...
Registered in 0.013470 seconds.
Begin MonoManager ReloadAssembly
Native extension for WindowsStandalone target not found
Refreshing native plugins compatible for Editor in 1.11 ms, found 3 plugins.
Preloading 0 native plugins for Editor in 0.00 ms.
Mono: successfully reloaded assembly
- Completed reload, in  3.454 seconds
Domain Reload Profiling:
	ReloadAssembly (3456ms)
		BeginReloadAssembly (399ms)
			ExecutionOrderSort (0ms)
			DisableScriptedObjects (21ms)
			BackupInstance (0ms)
			ReleaseScriptingObjects (0ms)
			CreateAndSetChildDomain (119ms)
		EndReloadAssembly (2801ms)
			LoadAssemblies (335ms)
			RebuildTransferFunctionScriptingTraits (0ms)
			SetupTypeCache (970ms)
			ReleaseScriptCaches (3ms)
			RebuildScriptCaches (132ms)
			SetupLoadedEditorAssemblies (1041ms)
				LogAssemblyErrors (0ms)
				InitializePlatformSupportModulesInManaged (17ms)
				SetLoadedEditorAssemblies (1ms)
				RefreshPlugins (1ms)
				BeforeProcessingInitializeOnLoad (232ms)
				ProcessInitializeOnLoadAttributes (743ms)
				ProcessInitializeOnLoadMethodAttributes (19ms)
				AfterProcessingInitializeOnLoad (27ms)
				EditorAssembliesLoaded (0ms)
			ExecutionOrderSort2 (0ms)
			AwakeInstancesAfterBackupRestoration (36ms)
Platform modules already initialized, skipping
Refreshing native plugins compatible for Editor in 1.13 ms, found 3 plugins.
Preloading 0 native plugins for Editor in 0.00 ms.
Unloading 2084 Unused Serialized files (Serialized files now loaded: 0)
System memory in use before: 95.8 MB.
System memory in use after: 95.9 MB.

Unloading 14 unused Assets to reduce memory usage. Loaded Objects now: 2566.
Total: 9.682600 ms (FindLiveObjects: 0.515100 ms CreateObjectMapping: 0.179500 ms MarkObjects: 8.935800 ms  DeleteObjects: 0.045400 ms)

AssetImportParameters requested are different than current active one (requested -> active):
  custom:framework-win-MediaFoundation: 216162199b28c13a410421893ffa2e32 -> 
  custom:video-decoder-ogg-theora: a1e56fd34408186e4bbccfd4996cb3dc -> 
  custom:container-muxer-webm: aa71ff27fc2769a1b78a27578f13a17b -> 
  custom:container-demuxer-webm: 4f35f7cbe854078d1ac9338744f61a02 -> 
  custom:container-demuxer-ogg: 62fdf1f143b41e24485cea50d1cbac27 -> 
  custom:video-encoder-webm-vp8: eb34c28f22e8b96e1ab97ce403110664 -> 
  custom:video-codec-MediaFoundation-h265: 746d11721c4dcdbdad8f713fa42b33f4 -> 
  custom:video-decoder-webm-vp8: 9c59270c3fd7afecdb556c50c9e8de78 -> 
  custom:audio-decoder-ogg-vorbis: bf7c407c2cedff20999df2af8eb42d56 -> 
  custom:audio-encoder-webm-vorbis: bf7c407c2cedff20999df2af8eb42d56 -> 
========================================================================
Received Import Request.
  Time since last request: 105.662409 seconds.
  path: Assets/Prefabs/Corona.prefab
  artifactKey: Guid(7210cc9f9ce53354eb3b982f7e91edf6) Importer(815301076,1909f56bfc062723c751e8b465ee728b)
Start importing Assets/Prefabs/Corona.prefab using Guid(7210cc9f9ce53354eb3b982f7e91edf6) Importer(815301076,1909f56bfc062723c751e8b465ee728b)  -> (artifact id: 'e73cdaf4c287239c543bad49bd4bb2ce') in 0.163149 seconds 
  Import took 0.171866 seconds .

========================================================================
Received Import Request.
  Time since last request: 2.537015 seconds.
  path: Assets/Prefabs/Corona.prefab
  artifactKey: Guid(7210cc9f9ce53354eb3b982f7e91edf6) Importer(815301076,1909f56bfc062723c751e8b465ee728b)
Start importing Assets/Prefabs/Corona.prefab using Guid(7210cc9f9ce53354eb3b982f7e91edf6) Importer(815301076,1909f56bfc062723c751e8b465ee728b)  -> (artifact id: '9242c74952588951854be8547c023042') in 0.051893 seconds 
  Import took 0.065326 seconds .

========================================================================
Received Import Request.
  Time since last request: 0.002625 seconds.
  path: Assets/Prefabs/Corona.prefab
  artifactKey: Guid(7210cc9f9ce53354eb3b982f7e91edf6) Importer(815301076,1909f56bfc062723c751e8b465ee728b)
Start importing Assets/Prefabs/Corona.prefab using Guid(7210cc9f9ce53354eb3b982f7e91edf6) Importer(815301076,1909f56bfc062723c751e8b465ee728b)  -> (artifact id: '9242c74952588951854be8547c023042') in 0.046551 seconds 
  Import took 0.056006 seconds .

========================================================================
Received Import Request.
  Time since last request: 19.174501 seconds.
  path: Assets/Prefabs/Coroninha.prefab
  artifactKey: Guid(c4b823a9e9aa91e429bbc4868a2a1b6f) Importer(815301076,1909f56bfc062723c751e8b465ee728b)
Start importing Assets/Prefabs/Coroninha.prefab using Guid(c4b823a9e9aa91e429bbc4868a2a1b6f) Importer(815301076,1909f56bfc062723c751e8b465ee728b)  -> (artifact id: '4425a2c082dbddbbae93b23de2a850c0') in 0.036342 seconds 
  Import took 0.048169 seconds .

========================================================================
Received Import Request.
  Time since last request: 5.794622 seconds.
  path: Assets/Prefabs/Coroninha.prefab
  artifactKey: Guid(c4b823a9e9aa91e429bbc4868a2a1b6f) Importer(815301076,1909f56bfc062723c751e8b465ee728b)
Start importing Assets/Prefabs/Coroninha.prefab using Guid(c4b823a9e9aa91e429bbc4868a2a1b6f) Importer(815301076,1909f56bfc062723c751e8b465ee728b)  -> (artifact id: '16a0f9ed240a98ad425c6092ec31b4d5') in 0.048294 seconds 
  Import took 0.062898 seconds .

========================================================================
Received Prepare
Registering precompiled user dll's ...
Registered in 0.013266 seconds.
Begin MonoManager ReloadAssembly
Native extension for WindowsStandalone target not found
Refreshing native plugins compatible for Editor in 1.18 ms, found 3 plugins.
Preloading 0 native plugins for Editor in 0.00 ms.
Mono: successfully reloaded assembly
- Completed reload, in  3.329 seconds
Domain Reload Profiling:
	ReloadAssembly (3330ms)
		BeginReloadAssembly (338ms)
			ExecutionOrderSort (0ms)
			DisableScriptedObjects (20ms)
			BackupInstance (0ms)
			ReleaseScriptingObjects (0ms)
			CreateAndSetChildDomain (94ms)
		EndReloadAssembly (2751ms)
			LoadAssemblies (300ms)
			RebuildTransferFunctionScriptingTraits (0ms)
			SetupTypeCache (995ms)
			ReleaseScriptCaches (3ms)
			RebuildScriptCaches (137ms)
			SetupLoadedEditorAssemblies (989ms)
				LogAssemblyErrors (0ms)
				InitializePlatformSupportModulesInManaged (17ms)
				SetLoadedEditorAssemblies (1ms)
				RefreshPlugins (1ms)
				BeforeProcessingInitializeOnLoad (203ms)
				ProcessInitializeOnLoadAttributes (720ms)
				ProcessInitializeOnLoadMethodAttributes (19ms)
				AfterProcessingInitializeOnLoad (27ms)
				EditorAssembliesLoaded (1ms)
			ExecutionOrderSort2 (0ms)
			AwakeInstancesAfterBackupRestoration (33ms)
Platform modules already initialized, skipping
Refreshing native plugins compatible for Editor in 1.34 ms, found 3 plugins.
Preloading 0 native plugins for Editor in 0.00 ms.
Unloading 2084 Unused Serialized files (Serialized files now loaded: 0)
System memory in use before: 95.8 MB.
System memory in use after: 95.9 MB.

Unloading 14 unused Assets to reduce memory usage. Loaded Objects now: 2570.
Total: 9.535300 ms (FindLiveObjects: 0.472100 ms CreateObjectMapping: 0.135600 ms MarkObjects: 8.852800 ms  DeleteObjects: 0.070100 ms)

AssetImportParameters requested are different than current active one (requested -> active):
  custom:framework-win-MediaFoundation: 216162199b28c13a410421893ffa2e32 -> 
  custom:video-decoder-ogg-theora: a1e56fd34408186e4bbccfd4996cb3dc -> 
  custom:container-muxer-webm: aa71ff27fc2769a1b78a27578f13a17b -> 
  custom:container-demuxer-webm: 4f35f7cbe854078d1ac9338744f61a02 -> 
  custom:container-demuxer-ogg: 62fdf1f143b41e24485cea50d1cbac27 -> 
  custom:video-encoder-webm-vp8: eb34c28f22e8b96e1ab97ce403110664 -> 
  custom:video-codec-MediaFoundation-h265: 746d11721c4dcdbdad8f713fa42b33f4 -> 
  custom:video-decoder-webm-vp8: 9c59270c3fd7afecdb556c50c9e8de78 -> 
  custom:audio-decoder-ogg-vorbis: bf7c407c2cedff20999df2af8eb42d56 -> 
  custom:audio-encoder-webm-vorbis: bf7c407c2cedff20999df2af8eb42d56 -> 
========================================================================
Received Prepare
Registering precompiled user dll's ...
Registered in 0.013367 seconds.
Begin MonoManager ReloadAssembly
Native extension for WindowsStandalone target not found
Refreshing native plugins compatible for Editor in 1.12 ms, found 3 plugins.
Preloading 0 native plugins for Editor in 0.00 ms.
Mono: successfully reloaded assembly
- Completed reload, in  3.334 seconds
Domain Reload Profiling:
	ReloadAssembly (3336ms)
		BeginReloadAssembly (336ms)
			ExecutionOrderSort (0ms)
			DisableScriptedObjects (20ms)
			BackupInstance (0ms)
			ReleaseScriptingObjects (0ms)
			CreateAndSetChildDomain (93ms)
		EndReloadAssembly (2743ms)
			LoadAssemblies (319ms)
			RebuildTransferFunctionScriptingTraits (0ms)
			SetupTypeCache (922ms)
			ReleaseScriptCaches (2ms)
			RebuildScriptCaches (144ms)
			SetupLoadedEditorAssemblies (991ms)
				LogAssemblyErrors (0ms)
				InitializePlatformSupportModulesInManaged (18ms)
				SetLoadedEditorAssemblies (2ms)
				RefreshPlugins (1ms)
				BeforeProcessingInitializeOnLoad (222ms)
				ProcessInitializeOnLoadAttributes (698ms)
				ProcessInitializeOnLoadMethodAttributes (23ms)
				AfterProcessingInitializeOnLoad (27ms)
				EditorAssembliesLoaded (0ms)
			ExecutionOrderSort2 (0ms)
			AwakeInstancesAfterBackupRestoration (35ms)
Platform modules already initialized, skipping
Refreshing native plugins compatible for Editor in 1.21 ms, found 3 plugins.
Preloading 0 native plugins for Editor in 0.00 ms.
Unloading 2084 Unused Serialized files (Serialized files now loaded: 0)
System memory in use before: 95.8 MB.
System memory in use after: 95.9 MB.

Unloading 14 unused Assets to reduce memory usage. Loaded Objects now: 2573.
Total: 10.522000 ms (FindLiveObjects: 0.481400 ms CreateObjectMapping: 0.133100 ms MarkObjects: 9.857900 ms  DeleteObjects: 0.046000 ms)

AssetImportParameters requested are different than current active one (requested -> active):
  custom:framework-win-MediaFoundation: 216162199b28c13a410421893ffa2e32 -> 
  custom:video-decoder-ogg-theora: a1e56fd34408186e4bbccfd4996cb3dc -> 
  custom:container-muxer-webm: aa71ff27fc2769a1b78a27578f13a17b -> 
  custom:container-demuxer-webm: 4f35f7cbe854078d1ac9338744f61a02 -> 
  custom:container-demuxer-ogg: 62fdf1f143b41e24485cea50d1cbac27 -> 
  custom:video-encoder-webm-vp8: eb34c28f22e8b96e1ab97ce403110664 -> 
  custom:video-codec-MediaFoundation-h265: 746d11721c4dcdbdad8f713fa42b33f4 -> 
  custom:video-decoder-webm-vp8: 9c59270c3fd7afecdb556c50c9e8de78 -> 
  custom:audio-decoder-ogg-vorbis: bf7c407c2cedff20999df2af8eb42d56 -> 
  custom:audio-encoder-webm-vorbis: bf7c407c2cedff20999df2af8eb42d56 -> 
AssetImportWorkerClient::OnTransportError - code=2 error=End of file
